<?xml version="1.0" encoding="UTF-8"?>
<!-- Generated by org.testng.reporters.JUnitReportReporter -->
<testsuite skipped="0" hostname="DESKTOP-4I73VKF" name="com.web.seleniumEasy.test.Simple_Form_test" tests="4" failures="0" timestamp="2020-07-18T13:54:34 IST" time="3.384" errors="0">
  <testcase name="validate_simple_input_form" time="0.355" classname="com.web.seleniumEasy.test.Simple_Form_test"/>
  <system-out/>
  <testcase name="validate_Two_Input_Fields_test" time="1.583" classname="com.web.seleniumEasy.test.Simple_Form_test"/>
  <system-out/>
  <testcase name="validate_Two_Input_Fields_test" time="0.495" classname="com.web.seleniumEasy.test.Simple_Form_test"/>
  <system-out/>
  <testcase name="validate_simple_input_form" time="0.951" classname="com.web.seleniumEasy.test.Simple_Form_test"/>
  <system-out/>
</testsuite> <!-- com.web.seleniumEasy.test.Simple_Form_test -->
