<?xml version="1.0" encoding="UTF-8"?>
<!-- Generated by org.testng.reporters.JUnitReportReporter -->
<testsuite skipped="0" hostname="DESKTOP-4I73VKF" name="com.web.seleniumEasy.test.Input_Form_test" tests="2" failures="0" timestamp="2020-07-18T13:54:34 IST" time="7.704" errors="0">
  <testcase name="validate_simple_input_form" time="6.128" classname="com.web.seleniumEasy.test.Input_Form_test"/>
  <system-out/>
  <testcase name="validate_simple_input_form" time="1.576" classname="com.web.seleniumEasy.test.Input_Form_test"/>
  <system-out/>
</testsuite> <!-- com.web.seleniumEasy.test.Input_Form_test -->
