<?xml version="1.0" encoding="UTF-8"?>
<!-- Generated by org.testng.reporters.JUnitReportReporter -->
<testsuite skipped="0" hostname="DESKTOP-4I73VKF" name="org.trial.test.Test2" tests="4" failures="0" timestamp="2020-07-09T23:35:09 IST" time="0.088" errors="0">
  <testcase name="test2m1" time="0.020" classname="org.trial.test.Test2"/>
  <system-out/>
  <testcase name="test2m2" time="0.020" classname="org.trial.test.Test2"/>
  <system-out/>
  <testcase name="test2m1" time="0.025" classname="org.trial.test.Test2"/>
  <system-out/>
  <testcase name="test2m2" time="0.023" classname="org.trial.test.Test2"/>
  <system-out/>
</testsuite> <!-- org.trial.test.Test2 -->
