<?xml version="1.0" encoding="UTF-8"?>
<!-- Generated by org.testng.reporters.JUnitReportReporter -->
<testsuite skipped="0" hostname="DESKTOP-4I73VKF" name="com.api.requestIn.Request_In_test" tests="1" failures="0" timestamp="2020-07-24T23:17:26 IST" time="2.557" errors="0">
  <testcase name="validate_get_request_Test" time="2.557" classname="com.api.requestIn.Request_In_test"/>
  <system-out/>
</testsuite> <!-- com.api.requestIn.Request_In_test -->
